{"/Users/ekpodavid/Programming/Web/rsnd/junion/mobile/App.js": {"path":"/Users/ekpodavid/Programming/Web/rsnd/junion/mobile/App.js","statementMap":{"0":{"start":{"line":1,"column":42},"end":{"line":1,"column":97}},"1":{"start":{"line":1,"column":128},"end":{"line":1,"column":184}},"2":{"start":{"line":1,"column":185},"end":{"line":1,"column":247}},"3":{"start":{"line":1,"column":247},"end":{"line":1,"column":269}},"4":{"start":{"line":1,"column":288},"end":{"line":1,"column":349}},"5":{"start":{"line":1,"column":373},"end":{"line":1,"column":445}},"6":{"start":{"line":1,"column":468},"end":{"line":1,"column":539}},"7":{"start":{"line":1,"column":552},"end":{"line":1,"column":567}},"8":{"start":{"line":2,"column":17},"end":{"line":2,"column":38}},"9":{"start":{"line":3,"column":11},"end":{"line":3,"column":56}},"10":{"start":{"line":4,"column":13},"end":{"line":4,"column":54}},"11":{"start":{"line":5,"column":19},"end":{"line":5,"column":42}},"12":{"start":{"line":6,"column":19},"end":{"line":6,"column":48}},"13":{"start":{"line":8,"column":20},"end":{"line":8,"column":84}},"14":{"start":{"line":8,"column":104},"end":{"line":8,"column":164}},"15":{"start":{"line":8,"column":218},"end":{"line":8,"column":237}},"16":{"start":{"line":8,"column":238},"end":{"line":8,"column":483}},"17":{"start":{"line":8,"column":287},"end":{"line":8,"column":323}},"18":{"start":{"line":8,"column":324},"end":{"line":8,"column":451}},"19":{"start":{"line":8,"column":344},"end":{"line":8,"column":451}},"20":{"start":{"line":8,"column":385},"end":{"line":8,"column":448}},"21":{"start":{"line":8,"column":451},"end":{"line":8,"column":482}},"22":{"start":{"line":8,"column":483},"end":{"line":8,"column":495}},"23":{"start":{"line":8,"column":528},"end":{"line":8,"column":997}},"24":{"start":{"line":8,"column":541},"end":{"line":8,"column":542}},"25":{"start":{"line":8,"column":585},"end":{"line":8,"column":625}},"26":{"start":{"line":8,"column":626},"end":{"line":8,"column":996}},"27":{"start":{"line":8,"column":638},"end":{"line":8,"column":743}},"28":{"start":{"line":8,"column":684},"end":{"line":8,"column":740}},"29":{"start":{"line":8,"column":750},"end":{"line":8,"column":996}},"30":{"start":{"line":8,"column":789},"end":{"line":8,"column":863}},"31":{"start":{"line":8,"column":871},"end":{"line":8,"column":995}},"32":{"start":{"line":8,"column":911},"end":{"line":8,"column":992}},"33":{"start":{"line":8,"column":997},"end":{"line":8,"column":1011}},"34":{"start":{"line":11,"column":2},"end":{"line":11,"column":29}},"35":{"start":{"line":11,"column":43},"end":{"line":11,"column":85}},"36":{"start":{"line":11,"column":106},"end":{"line":11,"column":119}},"37":{"start":{"line":11,"column":141},"end":{"line":11,"column":154}},"38":{"start":{"line":13,"column":2},"end":{"line":28,"column":3}},"39":{"start":{"line":14,"column":4},"end":{"line":18,"column":146}},"40":{"start":{"line":18,"column":39},"end":{"line":18,"column":86}},"41":{"start":{"line":22,"column":4},"end":{"line":25,"column":118}},"42":{"start":{"line":31,"column":31},"end":{"line":42,"column":131}},"43":{"start":{"line":31,"column":105},"end":{"line":42,"column":128}},"44":{"start":{"line":31,"column":116},"end":{"line":42,"column":127}},"45":{"start":{"line":31,"column":163},"end":{"line":31,"column":181}},"46":{"start":{"line":31,"column":181},"end":{"line":42,"column":85}},"47":{"start":{"line":42,"column":103},"end":{"line":42,"column":126}},"48":{"start":{"line":50,"column":2},"end":{"line":50,"column":22}},"49":{"start":{"line":54,"column":2},"end":{"line":54,"column":27}},"50":{"start":{"line":57,"column":13},"end":{"line":60,"column":32}}},"fnMap":{"0":{"name":"ownKeys","decl":{"start":{"line":8,"column":174},"end":{"line":8,"column":181}},"loc":{"start":{"line":8,"column":206},"end":{"line":8,"column":496}},"line":8},"1":{"name":"(anonymous_1)","decl":{"start":{"line":8,"column":369},"end":{"line":8,"column":370}},"loc":{"start":{"line":8,"column":384},"end":{"line":8,"column":449}},"line":8},"2":{"name":"_objectSpread","decl":{"start":{"line":8,"column":505},"end":{"line":8,"column":518}},"loc":{"start":{"line":8,"column":527},"end":{"line":8,"column":1012}},"line":8},"3":{"name":"(anonymous_3)","decl":{"start":{"line":8,"column":668},"end":{"line":8,"column":669}},"loc":{"start":{"line":8,"column":683},"end":{"line":8,"column":741}},"line":8},"4":{"name":"(anonymous_4)","decl":{"start":{"line":8,"column":895},"end":{"line":8,"column":896}},"loc":{"start":{"line":8,"column":910},"end":{"line":8,"column":993}},"line":8},"5":{"name":"App","decl":{"start":{"line":10,"column":9},"end":{"line":10,"column":12}},"loc":{"start":{"line":10,"column":20},"end":{"line":29,"column":1}},"line":10},"6":{"name":"onFinish","decl":{"start":{"line":18,"column":27},"end":{"line":18,"column":35}},"loc":{"start":{"line":18,"column":38},"end":{"line":18,"column":87}},"line":18},"7":{"name":"loadResourcesAsync","decl":{"start":{"line":31,"column":9},"end":{"line":31,"column":27}},"loc":{"start":{"line":31,"column":30},"end":{"line":42,"column":132}},"line":31},"8":{"name":"loadResourcesAsync$","decl":{"start":{"line":31,"column":74},"end":{"line":31,"column":93}},"loc":{"start":{"line":31,"column":104},"end":{"line":42,"column":129}},"line":31},"9":{"name":"handleLoadingError","decl":{"start":{"line":47,"column":9},"end":{"line":47,"column":27}},"loc":{"start":{"line":47,"column":35},"end":{"line":51,"column":1}},"line":47},"10":{"name":"handleFinishLoading","decl":{"start":{"line":53,"column":9},"end":{"line":53,"column":28}},"loc":{"start":{"line":53,"column":49},"end":{"line":55,"column":1}},"line":53}},"branchMap":{"0":{"loc":{"start":{"line":8,"column":238},"end":{"line":8,"column":483}},"type":"if","locations":[{"start":{"line":8,"column":238},"end":{"line":8,"column":483}},{"start":{"line":8,"column":238},"end":{"line":8,"column":483}}],"line":8},"1":{"loc":{"start":{"line":8,"column":324},"end":{"line":8,"column":451}},"type":"if","locations":[{"start":{"line":8,"column":324},"end":{"line":8,"column":451}},{"start":{"line":8,"column":324},"end":{"line":8,"column":451}}],"line":8},"2":{"loc":{"start":{"line":8,"column":585},"end":{"line":8,"column":625}},"type":"cond-expr","locations":[{"start":{"line":8,"column":608},"end":{"line":8,"column":620}},{"start":{"line":8,"column":623},"end":{"line":8,"column":625}}],"line":8},"3":{"loc":{"start":{"line":8,"column":626},"end":{"line":8,"column":996}},"type":"if","locations":[{"start":{"line":8,"column":626},"end":{"line":8,"column":996}},{"start":{"line":8,"column":626},"end":{"line":8,"column":996}}],"line":8},"4":{"loc":{"start":{"line":8,"column":750},"end":{"line":8,"column":996}},"type":"if","locations":[{"start":{"line":8,"column":750},"end":{"line":8,"column":996}},{"start":{"line":8,"column":750},"end":{"line":8,"column":996}}],"line":8},"5":{"loc":{"start":{"line":13,"column":2},"end":{"line":28,"column":3}},"type":"if","locations":[{"start":{"line":13,"column":2},"end":{"line":28,"column":3}},{"start":{"line":13,"column":2},"end":{"line":28,"column":3}}],"line":13},"6":{"loc":{"start":{"line":13,"column":6},"end":{"line":13,"column":52}},"type":"binary-expr","locations":[{"start":{"line":13,"column":6},"end":{"line":13,"column":24}},{"start":{"line":13,"column":28},"end":{"line":13,"column":52}}],"line":13},"7":{"loc":{"start":{"line":24,"column":6},"end":{"line":24,"column":175}},"type":"binary-expr","locations":[{"start":{"line":24,"column":6},"end":{"line":24,"column":40}},{"start":{"line":24,"column":44},"end":{"line":24,"column":175}}],"line":24},"8":{"loc":{"start":{"line":31,"column":116},"end":{"line":42,"column":127}},"type":"switch","locations":[{"start":{"line":31,"column":156},"end":{"line":42,"column":85}},{"start":{"line":42,"column":85},"end":{"line":42,"column":92}},{"start":{"line":42,"column":92},"end":{"line":42,"column":126}}],"line":31}},"s":{"0":1,"1":1,"2":1,"3":1,"4":1,"5":1,"6":1,"7":1,"8":1,"9":1,"10":1,"11":1,"12":1,"13":1,"14":1,"15":1,"16":1,"17":1,"18":1,"19":1,"20":0,"21":1,"22":1,"23":1,"24":1,"25":2,"26":2,"27":1,"28":1,"29":1,"30":1,"31":0,"32":0,"33":1,"34":2,"35":2,"36":2,"37":2,"38":2,"39":1,"40":0,"41":1,"42":1,"43":1,"44":1,"45":1,"46":1,"47":0,"48":0,"49":0,"50":1},"f":{"0":1,"1":0,"2":1,"3":1,"4":0,"5":2,"6":0,"7":1,"8":1,"9":0,"10":0},"b":{"0":[1,0],"1":[1,0],"2":[2,0],"3":[1,1],"4":[1,0],"5":[1,1],"6":[2,2],"7":[1,1],"8":[1,0,0]},"_coverageSchema":"43e27e138ebf9cfc5966b082cf9a028302ed4184","hash":"709e175db1cc78ad441b6362b819a6dd4427f1e9"}
,"/Users/ekpodavid/Programming/Web/rsnd/junion/mobile/src/assets/fonts/SpaceMono-Regular.ttf": {"path":"/Users/ekpodavid/Programming/Web/rsnd/junion/mobile/src/assets/fonts/SpaceMono-Regular.ttf","statementMap":{"0":{"start":{"line":1,"column":0},"end":{"line":1,"column":19}}},"fnMap":{},"branchMap":{},"s":{"0":1},"f":{},"b":{},"_coverageSchema":"43e27e138ebf9cfc5966b082cf9a028302ed4184","hash":"3bf9312fb544ad79f0cfcd1da46bd70a4ae2e812"}
,"/Users/ekpodavid/Programming/Web/rsnd/junion/mobile/src/assets/images/robot-dev.png": {"path":"/Users/ekpodavid/Programming/Web/rsnd/junion/mobile/src/assets/images/robot-dev.png","statementMap":{"0":{"start":{"line":1,"column":0},"end":{"line":1,"column":19}}},"fnMap":{},"branchMap":{},"s":{"0":1},"f":{},"b":{},"_coverageSchema":"43e27e138ebf9cfc5966b082cf9a028302ed4184","hash":"4bfccb2c0a3316ff373a0e396f6e6ac9db3fea59"}
,"/Users/ekpodavid/Programming/Web/rsnd/junion/mobile/src/assets/images/robot-prod.png": {"path":"/Users/ekpodavid/Programming/Web/rsnd/junion/mobile/src/assets/images/robot-prod.png","statementMap":{"0":{"start":{"line":1,"column":0},"end":{"line":1,"column":19}}},"fnMap":{},"branchMap":{},"s":{"0":1},"f":{},"b":{},"_coverageSchema":"43e27e138ebf9cfc5966b082cf9a028302ed4184","hash":"6ec6b39105e145ca236dd095af07fea3d27b3e79"}
,"/Users/ekpodavid/Programming/Web/rsnd/junion/mobile/src/components/StyledText.js": {"path":"/Users/ekpodavid/Programming/Web/rsnd/junion/mobile/src/components/StyledText.js","statementMap":{"0":{"start":{"line":1,"column":42},"end":{"line":1,"column":97}},"1":{"start":{"line":1,"column":98},"end":{"line":1,"column":160}},"2":{"start":{"line":1,"column":160},"end":{"line":1,"column":188}},"3":{"start":{"line":1,"column":204},"end":{"line":1,"column":269}},"4":{"start":{"line":1,"column":283},"end":{"line":1,"column":323}},"5":{"start":{"line":2,"column":19},"end":{"line":2,"column":42}},"6":{"start":{"line":2,"column":62},"end":{"line":2,"column":144}},"7":{"start":{"line":5,"column":2},"end":{"line":6,"column":197}}},"fnMap":{"0":{"name":"MonoText","decl":{"start":{"line":4,"column":9},"end":{"line":4,"column":17}},"loc":{"start":{"line":4,"column":25},"end":{"line":8,"column":1}},"line":4}},"branchMap":{},"s":{"0":2,"1":2,"2":2,"3":2,"4":2,"5":2,"6":2,"7":1},"f":{"0":1},"b":{},"_coverageSchema":"43e27e138ebf9cfc5966b082cf9a028302ed4184","hash":"b5352b3eeffafbccd8cc7de7554740c9378728c0"}
,"/Users/ekpodavid/Programming/Web/rsnd/junion/mobile/src/components/TabBarIcon.js": {"path":"/Users/ekpodavid/Programming/Web/rsnd/junion/mobile/src/components/TabBarIcon.js","statementMap":{"0":{"start":{"line":1,"column":42},"end":{"line":1,"column":97}},"1":{"start":{"line":1,"column":98},"end":{"line":1,"column":160}},"2":{"start":{"line":1,"column":160},"end":{"line":1,"column":189}},"3":{"start":{"line":1,"column":202},"end":{"line":1,"column":242}},"4":{"start":{"line":2,"column":19},"end":{"line":2,"column":48}},"5":{"start":{"line":4,"column":14},"end":{"line":4,"column":68}},"6":{"start":{"line":4,"column":88},"end":{"line":4,"column":170}},"7":{"start":{"line":7,"column":2},"end":{"line":12,"column":151}}},"fnMap":{"0":{"name":"TabBarIcon","decl":{"start":{"line":6,"column":9},"end":{"line":6,"column":19}},"loc":{"start":{"line":6,"column":27},"end":{"line":15,"column":1}},"line":6}},"branchMap":{"0":{"loc":{"start":{"line":12,"column":13},"end":{"line":12,"column":93}},"type":"cond-expr","locations":[{"start":{"line":12,"column":29},"end":{"line":12,"column":60}},{"start":{"line":12,"column":63},"end":{"line":12,"column":93}}],"line":12}},"s":{"0":1,"1":1,"2":1,"3":1,"4":1,"5":1,"6":1,"7":0},"f":{"0":0},"b":{"0":[0,0]},"_coverageSchema":"43e27e138ebf9cfc5966b082cf9a028302ed4184","hash":"c857e87b3c5ddde8c91d680b711f7879777a5824"}
,"/Users/ekpodavid/Programming/Web/rsnd/junion/mobile/src/constants/Colors.js": {"path":"/Users/ekpodavid/Programming/Web/rsnd/junion/mobile/src/constants/Colors.js","statementMap":{"0":{"start":{"line":1,"column":13},"end":{"line":1,"column":75}},"1":{"start":{"line":1,"column":75},"end":{"line":1,"column":100}},"2":{"start":{"line":1,"column":116},"end":{"line":1,"column":125}},"3":{"start":{"line":3,"column":0},"end":{"line":13,"column":22}},"4":{"start":{"line":13,"column":23},"end":{"line":13,"column":50}}},"fnMap":{},"branchMap":{},"s":{"0":1,"1":1,"2":1,"3":1,"4":1},"f":{},"b":{},"_coverageSchema":"43e27e138ebf9cfc5966b082cf9a028302ed4184","hash":"74a4d65fcd239591d1f4a2258340c61e0f239c5d"}
,"/Users/ekpodavid/Programming/Web/rsnd/junion/mobile/src/navigation/AppNavigator.js": {"path":"/Users/ekpodavid/Programming/Web/rsnd/junion/mobile/src/navigation/AppNavigator.js","statementMap":{"0":{"start":{"line":1,"column":42},"end":{"line":1,"column":97}},"1":{"start":{"line":1,"column":98},"end":{"line":1,"column":160}},"2":{"start":{"line":1,"column":160},"end":{"line":1,"column":185}},"3":{"start":{"line":1,"column":198},"end":{"line":1,"column":238}},"4":{"start":{"line":2,"column":23},"end":{"line":2,"column":50}},"5":{"start":{"line":4,"column":24},"end":{"line":4,"column":77}},"6":{"start":{"line":6,"column":0},"end":{"line":10,"column":37}},"7":{"start":{"line":10,"column":38},"end":{"line":10,"column":65}}},"fnMap":{},"branchMap":{},"s":{"0":1,"1":1,"2":1,"3":1,"4":1,"5":1,"6":1,"7":1},"f":{},"b":{},"_coverageSchema":"43e27e138ebf9cfc5966b082cf9a028302ed4184","hash":"f8439356b6af49c964599f7b87d48345d5e2223e"}
,"/Users/ekpodavid/Programming/Web/rsnd/junion/mobile/src/navigation/MainTabNavigator.js": {"path":"/Users/ekpodavid/Programming/Web/rsnd/junion/mobile/src/navigation/MainTabNavigator.js","statementMap":{"0":{"start":{"line":1,"column":42},"end":{"line":1,"column":97}},"1":{"start":{"line":1,"column":98},"end":{"line":1,"column":160}},"2":{"start":{"line":1,"column":160},"end":{"line":1,"column":185}},"3":{"start":{"line":1,"column":198},"end":{"line":1,"column":238}},"4":{"start":{"line":2,"column":19},"end":{"line":2,"column":42}},"5":{"start":{"line":3,"column":23},"end":{"line":3,"column":50}},"6":{"start":{"line":5,"column":18},"end":{"line":5,"column":77}},"7":{"start":{"line":6,"column":18},"end":{"line":6,"column":74}},"8":{"start":{"line":7,"column":19},"end":{"line":7,"column":76}},"9":{"start":{"line":8,"column":22},"end":{"line":8,"column":82}},"10":{"start":{"line":8,"column":102},"end":{"line":8,"column":190}},"11":{"start":{"line":10,"column":13},"end":{"line":12,"column":16}},"12":{"start":{"line":15,"column":16},"end":{"line":19,"column":7}},"13":{"start":{"line":22,"column":0},"end":{"line":30,"column":94}},"14":{"start":{"line":24,"column":55},"end":{"line":24,"column":67}},"15":{"start":{"line":24,"column":68},"end":{"line":30,"column":90}},"16":{"start":{"line":36,"column":0},"end":{"line":36,"column":20}},"17":{"start":{"line":38,"column":17},"end":{"line":42,"column":7}},"18":{"start":{"line":45,"column":0},"end":{"line":48,"column":204}},"19":{"start":{"line":47,"column":56},"end":{"line":47,"column":69}},"20":{"start":{"line":47,"column":70},"end":{"line":48,"column":200}},"21":{"start":{"line":52,"column":0},"end":{"line":52,"column":21}},"22":{"start":{"line":54,"column":20},"end":{"line":58,"column":7}},"23":{"start":{"line":61,"column":0},"end":{"line":64,"column":210}},"24":{"start":{"line":63,"column":56},"end":{"line":63,"column":69}},"25":{"start":{"line":63,"column":70},"end":{"line":64,"column":206}},"26":{"start":{"line":68,"column":0},"end":{"line":68,"column":24}},"27":{"start":{"line":70,"column":19},"end":{"line":73,"column":33}},"28":{"start":{"line":76,"column":0},"end":{"line":76,"column":23}},"29":{"start":{"line":78,"column":0},"end":{"line":78,"column":12}},"30":{"start":{"line":78,"column":13},"end":{"line":78,"column":40}}},"fnMap":{"0":{"name":"tabBarIcon","decl":{"start":{"line":24,"column":23},"end":{"line":24,"column":33}},"loc":{"start":{"line":24,"column":40},"end":{"line":30,"column":91}},"line":24},"1":{"name":"tabBarIcon","decl":{"start":{"line":47,"column":23},"end":{"line":47,"column":33}},"loc":{"start":{"line":47,"column":41},"end":{"line":48,"column":201}},"line":47},"2":{"name":"tabBarIcon","decl":{"start":{"line":63,"column":23},"end":{"line":63,"column":33}},"loc":{"start":{"line":63,"column":41},"end":{"line":64,"column":207}},"line":63}},"branchMap":{"0":{"loc":{"start":{"line":28,"column":8},"end":{"line":30,"column":31}},"type":"cond-expr","locations":[{"start":{"line":28,"column":45},"end":{"line":29,"column":34}},{"start":{"line":30,"column":8},"end":{"line":30,"column":31}}],"line":28},"1":{"loc":{"start":{"line":29,"column":8},"end":{"line":29,"column":33}},"type":"cond-expr","locations":[{"start":{"line":29,"column":18},"end":{"line":29,"column":20}},{"start":{"line":29,"column":23},"end":{"line":29,"column":33}}],"line":29},"2":{"loc":{"start":{"line":48,"column":82},"end":{"line":48,"column":141}},"type":"cond-expr","locations":[{"start":{"line":48,"column":119},"end":{"line":48,"column":129}},{"start":{"line":48,"column":132},"end":{"line":48,"column":141}}],"line":48},"3":{"loc":{"start":{"line":64,"column":82},"end":{"line":64,"column":147}},"type":"cond-expr","locations":[{"start":{"line":64,"column":119},"end":{"line":64,"column":132}},{"start":{"line":64,"column":135},"end":{"line":64,"column":147}}],"line":64}},"s":{"0":1,"1":1,"2":1,"3":1,"4":1,"5":1,"6":1,"7":1,"8":1,"9":1,"10":1,"11":1,"12":1,"13":1,"14":0,"15":0,"16":1,"17":1,"18":1,"19":0,"20":0,"21":1,"22":1,"23":1,"24":0,"25":0,"26":1,"27":1,"28":1,"29":1,"30":1},"f":{"0":0,"1":0,"2":0},"b":{"0":[0,0],"1":[0,0],"2":[0,0],"3":[0,0]},"_coverageSchema":"43e27e138ebf9cfc5966b082cf9a028302ed4184","hash":"0e7720202b137d570029d3d8495cbed42d03f115"}
,"/Users/ekpodavid/Programming/Web/rsnd/junion/mobile/src/screens/HomeScreen.js": {"path":"/Users/ekpodavid/Programming/Web/rsnd/junion/mobile/src/screens/HomeScreen.js","statementMap":{"0":{"start":{"line":1,"column":42},"end":{"line":1,"column":97}},"1":{"start":{"line":1,"column":128},"end":{"line":1,"column":184}},"2":{"start":{"line":1,"column":185},"end":{"line":1,"column":247}},"3":{"start":{"line":1,"column":247},"end":{"line":1,"column":276}},"4":{"start":{"line":1,"column":299},"end":{"line":1,"column":371}},"5":{"start":{"line":1,"column":389},"end":{"line":1,"column":441}},"6":{"start":{"line":2,"column":13},"end":{"line":2,"column":53}},"7":{"start":{"line":3,"column":19},"end":{"line":3,"column":42}},"8":{"start":{"line":13,"column":18},"end":{"line":13,"column":53}},"9":{"start":{"line":13,"column":73},"end":{"line":13,"column":152}},"10":{"start":{"line":13,"column":206},"end":{"line":13,"column":225}},"11":{"start":{"line":13,"column":226},"end":{"line":13,"column":471}},"12":{"start":{"line":13,"column":275},"end":{"line":13,"column":311}},"13":{"start":{"line":13,"column":312},"end":{"line":13,"column":439}},"14":{"start":{"line":13,"column":332},"end":{"line":13,"column":439}},"15":{"start":{"line":13,"column":373},"end":{"line":13,"column":436}},"16":{"start":{"line":13,"column":439},"end":{"line":13,"column":470}},"17":{"start":{"line":13,"column":471},"end":{"line":13,"column":483}},"18":{"start":{"line":13,"column":516},"end":{"line":13,"column":985}},"19":{"start":{"line":13,"column":529},"end":{"line":13,"column":530}},"20":{"start":{"line":13,"column":573},"end":{"line":13,"column":613}},"21":{"start":{"line":13,"column":614},"end":{"line":13,"column":984}},"22":{"start":{"line":13,"column":626},"end":{"line":13,"column":731}},"23":{"start":{"line":13,"column":672},"end":{"line":13,"column":728}},"24":{"start":{"line":13,"column":738},"end":{"line":13,"column":984}},"25":{"start":{"line":13,"column":777},"end":{"line":13,"column":851}},"26":{"start":{"line":13,"column":859},"end":{"line":13,"column":983}},"27":{"start":{"line":13,"column":899},"end":{"line":13,"column":980}},"28":{"start":{"line":13,"column":985},"end":{"line":13,"column":999}},"29":{"start":{"line":16,"column":2},"end":{"line":63,"column":184}},"30":{"start":{"line":72,"column":0},"end":{"line":73,"column":17}},"31":{"start":{"line":77,"column":2},"end":{"line":96,"column":3}},"32":{"start":{"line":79,"column":4},"end":{"line":79,"column":182}},"33":{"start":{"line":84,"column":4},"end":{"line":87,"column":24}},"34":{"start":{"line":91,"column":4},"end":{"line":92,"column":217}},"35":{"start":{"line":100,"column":2},"end":{"line":101,"column":69}},"36":{"start":{"line":106,"column":2},"end":{"line":107,"column":89}},"37":{"start":{"line":111,"column":13},"end":{"line":196,"column":25}}},"fnMap":{"0":{"name":"ownKeys","decl":{"start":{"line":13,"column":162},"end":{"line":13,"column":169}},"loc":{"start":{"line":13,"column":194},"end":{"line":13,"column":484}},"line":13},"1":{"name":"(anonymous_1)","decl":{"start":{"line":13,"column":357},"end":{"line":13,"column":358}},"loc":{"start":{"line":13,"column":372},"end":{"line":13,"column":437}},"line":13},"2":{"name":"_objectSpread","decl":{"start":{"line":13,"column":493},"end":{"line":13,"column":506}},"loc":{"start":{"line":13,"column":515},"end":{"line":13,"column":1000}},"line":13},"3":{"name":"(anonymous_3)","decl":{"start":{"line":13,"column":656},"end":{"line":13,"column":657}},"loc":{"start":{"line":13,"column":671},"end":{"line":13,"column":729}},"line":13},"4":{"name":"(anonymous_4)","decl":{"start":{"line":13,"column":883},"end":{"line":13,"column":884}},"loc":{"start":{"line":13,"column":898},"end":{"line":13,"column":981}},"line":13},"5":{"name":"HomeScreen","decl":{"start":{"line":15,"column":9},"end":{"line":15,"column":19}},"loc":{"start":{"line":15,"column":22},"end":{"line":70,"column":1}},"line":15},"6":{"name":"DevelopmentModeNotice","decl":{"start":{"line":76,"column":9},"end":{"line":76,"column":30}},"loc":{"start":{"line":76,"column":33},"end":{"line":97,"column":1}},"line":76},"7":{"name":"handleLearnMorePress","decl":{"start":{"line":99,"column":9},"end":{"line":99,"column":29}},"loc":{"start":{"line":99,"column":32},"end":{"line":103,"column":1}},"line":99},"8":{"name":"handleHelpPress","decl":{"start":{"line":105,"column":9},"end":{"line":105,"column":24}},"loc":{"start":{"line":105,"column":27},"end":{"line":109,"column":1}},"line":105}},"branchMap":{"0":{"loc":{"start":{"line":13,"column":226},"end":{"line":13,"column":471}},"type":"if","locations":[{"start":{"line":13,"column":226},"end":{"line":13,"column":471}},{"start":{"line":13,"column":226},"end":{"line":13,"column":471}}],"line":13},"1":{"loc":{"start":{"line":13,"column":312},"end":{"line":13,"column":439}},"type":"if","locations":[{"start":{"line":13,"column":312},"end":{"line":13,"column":439}},{"start":{"line":13,"column":312},"end":{"line":13,"column":439}}],"line":13},"2":{"loc":{"start":{"line":13,"column":573},"end":{"line":13,"column":613}},"type":"cond-expr","locations":[{"start":{"line":13,"column":596},"end":{"line":13,"column":608}},{"start":{"line":13,"column":611},"end":{"line":13,"column":613}}],"line":13},"3":{"loc":{"start":{"line":13,"column":614},"end":{"line":13,"column":984}},"type":"if","locations":[{"start":{"line":13,"column":614},"end":{"line":13,"column":984}},{"start":{"line":13,"column":614},"end":{"line":13,"column":984}}],"line":13},"4":{"loc":{"start":{"line":13,"column":738},"end":{"line":13,"column":984}},"type":"if","locations":[{"start":{"line":13,"column":738},"end":{"line":13,"column":984}},{"start":{"line":13,"column":738},"end":{"line":13,"column":984}}],"line":13},"5":{"loc":{"start":{"line":24,"column":6},"end":{"line":26,"column":48}},"type":"cond-expr","locations":[{"start":{"line":25,"column":6},"end":{"line":25,"column":47}},{"start":{"line":26,"column":6},"end":{"line":26,"column":48}}],"line":24},"6":{"loc":{"start":{"line":77,"column":2},"end":{"line":96,"column":3}},"type":"if","locations":[{"start":{"line":77,"column":2},"end":{"line":96,"column":3}},{"start":{"line":77,"column":2},"end":{"line":96,"column":3}}],"line":77}},"s":{"0":1,"1":1,"2":1,"3":1,"4":1,"5":1,"6":1,"7":1,"8":1,"9":1,"10":1,"11":1,"12":1,"13":1,"14":1,"15":0,"16":1,"17":1,"18":1,"19":1,"20":2,"21":2,"22":1,"23":4,"24":1,"25":1,"26":0,"27":0,"28":1,"29":0,"30":1,"31":0,"32":0,"33":0,"34":0,"35":0,"36":0,"37":1},"f":{"0":1,"1":0,"2":1,"3":4,"4":0,"5":0,"6":0,"7":0,"8":0},"b":{"0":[1,0],"1":[1,0],"2":[2,0],"3":[1,1],"4":[1,0],"5":[0,0],"6":[0,0]},"_coverageSchema":"43e27e138ebf9cfc5966b082cf9a028302ed4184","hash":"d515a8ec9ed8b68830947e0e19fbc8fa04710950"}
,"/Users/ekpodavid/Programming/Web/rsnd/junion/mobile/src/screens/LinksScreen.js": {"path":"/Users/ekpodavid/Programming/Web/rsnd/junion/mobile/src/screens/LinksScreen.js","statementMap":{"0":{"start":{"line":1,"column":42},"end":{"line":1,"column":97}},"1":{"start":{"line":1,"column":98},"end":{"line":1,"column":160}},"2":{"start":{"line":1,"column":160},"end":{"line":1,"column":190}},"3":{"start":{"line":1,"column":203},"end":{"line":1,"column":243}},"4":{"start":{"line":2,"column":19},"end":{"line":2,"column":42}},"5":{"start":{"line":3,"column":15},"end":{"line":3,"column":39}},"6":{"start":{"line":3,"column":59},"end":{"line":3,"column":139}},"7":{"start":{"line":6,"column":2},"end":{"line":12,"column":117}},"8":{"start":{"line":17,"column":0},"end":{"line":18,"column":19}},"9":{"start":{"line":21,"column":13},"end":{"line":25,"column":32}}},"fnMap":{"0":{"name":"LinksScreen","decl":{"start":{"line":5,"column":9},"end":{"line":5,"column":20}},"loc":{"start":{"line":5,"column":23},"end":{"line":15,"column":1}},"line":5}},"branchMap":{},"s":{"0":1,"1":1,"2":1,"3":1,"4":1,"5":1,"6":1,"7":0,"8":1,"9":1},"f":{"0":0},"b":{},"_coverageSchema":"43e27e138ebf9cfc5966b082cf9a028302ed4184","hash":"f6381bd7aa714298fafe7d1f3ca938e5d277770a"}
,"/Users/ekpodavid/Programming/Web/rsnd/junion/mobile/src/screens/SettingsScreen.js": {"path":"/Users/ekpodavid/Programming/Web/rsnd/junion/mobile/src/screens/SettingsScreen.js","statementMap":{"0":{"start":{"line":1,"column":42},"end":{"line":1,"column":97}},"1":{"start":{"line":1,"column":98},"end":{"line":1,"column":160}},"2":{"start":{"line":1,"column":160},"end":{"line":1,"column":193}},"3":{"start":{"line":1,"column":206},"end":{"line":1,"column":246}},"4":{"start":{"line":2,"column":15},"end":{"line":2,"column":39}},"5":{"start":{"line":2,"column":59},"end":{"line":2,"column":142}},"6":{"start":{"line":9,"column":2},"end":{"line":9,"column":120}},"7":{"start":{"line":12,"column":0},"end":{"line":13,"column":22}}},"fnMap":{"0":{"name":"SettingsScreen","decl":{"start":{"line":4,"column":9},"end":{"line":4,"column":23}},"loc":{"start":{"line":4,"column":26},"end":{"line":10,"column":1}},"line":4}},"branchMap":{},"s":{"0":1,"1":1,"2":1,"3":1,"4":1,"5":1,"6":0,"7":1},"f":{"0":0},"b":{},"_coverageSchema":"43e27e138ebf9cfc5966b082cf9a028302ed4184","hash":"09af70478bd794edd281bc86d45e35e102ba0679"}
}
